2020-10-17 21:23:52,034 [AWT-EventQueue-0] INFO  marytts.main Mary starting up...
2020-10-17 21:23:52,058 [AWT-EventQueue-0] INFO  marytts.main Specification version 5.2
2020-10-17 21:23:52,058 [AWT-EventQueue-0] INFO  marytts.main Implementation version unknown
2020-10-17 21:23:52,059 [AWT-EventQueue-0] INFO  marytts.main Running on a Java 1.8.0_241 implementation by Oracle Corporation, on a Windows 10 platform (amd64, 10.0)
2020-10-17 21:23:53,268 [AWT-EventQueue-0] INFO  marytts.ModuleRegistry Now initiating mary module 'marytts.modules.Synthesis'
2020-10-17 21:23:53,308 [AWT-EventQueue-0] INFO  marytts.ModuleRegistry Now initiating mary module 'marytts.modules.TextToMaryXML'
2020-10-17 21:23:53,312 [AWT-EventQueue-0] INFO  marytts.ModuleRegistry Now initiating mary module 'marytts.modules.SableParser'
2020-10-17 21:23:53,317 [AWT-EventQueue-0] INFO  marytts.ModuleRegistry Now initiating mary module 'marytts.modules.SSMLParser'
2020-10-17 21:23:53,319 [AWT-EventQueue-0] INFO  marytts.ModuleRegistry Now initiating mary module 'marytts.modules.APMLParser'
2020-10-17 21:23:53,344 [AWT-EventQueue-0] INFO  marytts.ModuleRegistry Now initiating mary module 'marytts.modules.EmotionmlParser'
2020-10-17 21:23:53,347 [AWT-EventQueue-0] INFO  marytts.ModuleRegistry Now initiating mary module 'marytts.modules.JTokeniser'
2020-10-17 21:23:53,350 [AWT-EventQueue-0] INFO  marytts.ModuleRegistry Now initiating mary module 'marytts.modules.DummyTokens2Words'
2020-10-17 21:23:53,352 [AWT-EventQueue-0] INFO  marytts.ModuleRegistry Now initiating mary module 'marytts.modules.ProsodyGeneric'
2020-10-17 21:23:53,361 [AWT-EventQueue-0] INFO  marytts.ModuleRegistry Now initiating mary module 'marytts.modules.PronunciationModel'
2020-10-17 21:23:53,364 [AWT-EventQueue-0] INFO  marytts.ModuleRegistry Now initiating mary module 'marytts.modules.TargetFeatureLister'
2020-10-17 21:23:53,367 [AWT-EventQueue-0] INFO  marytts.ModuleRegistry Now initiating mary module 'marytts.modules.HalfPhoneTargetFeatureLister'
2020-10-17 21:23:53,368 [AWT-EventQueue-0] INFO  marytts.ModuleRegistry Now initiating mary module 'marytts.modules.AcousticModeller'
2020-10-17 21:23:53,372 [AWT-EventQueue-0] INFO  marytts.ModuleRegistry Now initiating mary module 'marytts.modules.RealisedAcoustparamsExtractor'
2020-10-17 21:23:53,373 [AWT-EventQueue-0] INFO  marytts.ModuleRegistry Now initiating mary module 'marytts.modules.RealisedDurationsExtractor'
2020-10-17 21:23:53,375 [AWT-EventQueue-0] INFO  marytts.ModuleRegistry Now initiating mary module 'marytts.modules.HTSEngine'
2020-10-17 21:23:53,379 [AWT-EventQueue-0] INFO  marytts.ModuleRegistry Now initiating mary module 'marytts.modules.PraatTextGridGenerator'
2020-10-17 21:23:53,382 [AWT-EventQueue-0] INFO  marytts.ModuleRegistry Now initiating mary module 'marytts.language.en.JTokeniser'
2020-10-17 21:23:53,383 [AWT-EventQueue-0] INFO  marytts.ModuleRegistry Now initiating mary module 'marytts.language.en.Preprocess'
2020-10-17 21:23:55,016 [AWT-EventQueue-0] INFO  marytts.ModuleRegistry Now initiating mary module 'marytts.modules.JPhonemiser(en_US.)'
2020-10-17 21:23:55,023 [AWT-EventQueue-0] INFO  marytts.JPhonemiser User dictionary '.\user-dictionaries\userdict-en_US.txt' for locale 'en_US' does not exist. Ignoring.
2020-10-17 21:23:55,345 [AWT-EventQueue-0] INFO  marytts.ModuleRegistry Now initiating mary module 'marytts.modules.JPhonemiser(en_GB.)'
2020-10-17 21:23:55,346 [AWT-EventQueue-0] INFO  marytts.JPhonemiser User dictionary '.\user-dictionaries\userdict-en_GB.txt' for locale 'en_GB' does not exist. Ignoring.
2020-10-17 21:23:55,524 [AWT-EventQueue-0] INFO  marytts.ModuleRegistry Now initiating mary module 'marytts.language.en.Prosody'
2020-10-17 21:23:55,526 [AWT-EventQueue-0] INFO  marytts.ModuleRegistry Now initiating mary module 'marytts.modules.SimplePhoneme2AP(en_US)'
2020-10-17 21:23:55,534 [AWT-EventQueue-0] INFO  marytts.ModuleRegistry Now initiating mary module 'marytts.language.en.PronunciationModel'
2020-10-17 21:23:55,537 [AWT-EventQueue-0] INFO  marytts.ModuleRegistry Now initiating mary module 'marytts.modules.OpenNLPPosTagger(en,en.pos)'
2020-10-17 21:23:55,633 [AWT-EventQueue-0] INFO  marytts.UnitSelectionSynthesizer started.
2020-10-17 21:23:55,658 [AWT-EventQueue-0] INFO  marytts.TargetFeatureLister Module started (ACOUSTPARAMS->TARGETFEATURES, locale null).
2020-10-17 21:23:55,658 [AWT-EventQueue-0] INFO  marytts.HTSEngine Module started (TARGETFEATURES->AUDIO, locale null).
2020-10-17 21:23:55,858 [AWT-EventQueue-0] INFO  marytts.HMMData Loading Tree Set in CARTs:
2020-10-17 21:23:56,490 [AWT-EventQueue-0] INFO  marytts.HMMData Loading GV Model Set:
2020-10-17 21:24:19,288 [AWT-EventQueue-0] INFO  marytts.main Mary starting up...
2020-10-17 21:24:19,305 [AWT-EventQueue-0] INFO  marytts.main Specification version 5.2
2020-10-17 21:24:19,305 [AWT-EventQueue-0] INFO  marytts.main Implementation version unknown
2020-10-17 21:24:19,306 [AWT-EventQueue-0] INFO  marytts.main Running on a Java 1.8.0_241 implementation by Oracle Corporation, on a Windows 10 platform (amd64, 10.0)
2020-10-17 21:24:19,899 [AWT-EventQueue-0] INFO  marytts.ModuleRegistry Now initiating mary module 'marytts.modules.Synthesis'
2020-10-17 21:24:19,922 [AWT-EventQueue-0] INFO  marytts.ModuleRegistry Now initiating mary module 'marytts.modules.TextToMaryXML'
2020-10-17 21:24:19,924 [AWT-EventQueue-0] INFO  marytts.ModuleRegistry Now initiating mary module 'marytts.modules.SableParser'
2020-10-17 21:24:19,928 [AWT-EventQueue-0] INFO  marytts.ModuleRegistry Now initiating mary module 'marytts.modules.SSMLParser'
2020-10-17 21:24:19,930 [AWT-EventQueue-0] INFO  marytts.ModuleRegistry Now initiating mary module 'marytts.modules.APMLParser'
2020-10-17 21:24:19,934 [AWT-EventQueue-0] INFO  marytts.ModuleRegistry Now initiating mary module 'marytts.modules.EmotionmlParser'
2020-10-17 21:24:19,937 [AWT-EventQueue-0] INFO  marytts.ModuleRegistry Now initiating mary module 'marytts.modules.JTokeniser'
2020-10-17 21:24:19,940 [AWT-EventQueue-0] INFO  marytts.ModuleRegistry Now initiating mary module 'marytts.modules.DummyTokens2Words'
2020-10-17 21:24:19,942 [AWT-EventQueue-0] INFO  marytts.ModuleRegistry Now initiating mary module 'marytts.modules.ProsodyGeneric'
2020-10-17 21:24:19,956 [AWT-EventQueue-0] INFO  marytts.ModuleRegistry Now initiating mary module 'marytts.modules.PronunciationModel'
2020-10-17 21:24:19,960 [AWT-EventQueue-0] INFO  marytts.ModuleRegistry Now initiating mary module 'marytts.modules.TargetFeatureLister'
2020-10-17 21:24:19,963 [AWT-EventQueue-0] INFO  marytts.ModuleRegistry Now initiating mary module 'marytts.modules.HalfPhoneTargetFeatureLister'
2020-10-17 21:24:19,965 [AWT-EventQueue-0] INFO  marytts.ModuleRegistry Now initiating mary module 'marytts.modules.AcousticModeller'
2020-10-17 21:24:19,969 [AWT-EventQueue-0] INFO  marytts.ModuleRegistry Now initiating mary module 'marytts.modules.RealisedAcoustparamsExtractor'
2020-10-17 21:24:19,971 [AWT-EventQueue-0] INFO  marytts.ModuleRegistry Now initiating mary module 'marytts.modules.RealisedDurationsExtractor'
2020-10-17 21:24:19,973 [AWT-EventQueue-0] INFO  marytts.ModuleRegistry Now initiating mary module 'marytts.modules.HTSEngine'
2020-10-17 21:24:19,979 [AWT-EventQueue-0] INFO  marytts.ModuleRegistry Now initiating mary module 'marytts.modules.PraatTextGridGenerator'
2020-10-17 21:24:19,991 [AWT-EventQueue-0] INFO  marytts.ModuleRegistry Now initiating mary module 'marytts.language.en.JTokeniser'
2020-10-17 21:24:19,993 [AWT-EventQueue-0] INFO  marytts.ModuleRegistry Now initiating mary module 'marytts.language.en.Preprocess'
2020-10-17 21:24:20,731 [AWT-EventQueue-0] INFO  marytts.ModuleRegistry Now initiating mary module 'marytts.modules.JPhonemiser(en_US.)'
2020-10-17 21:24:20,735 [AWT-EventQueue-0] INFO  marytts.JPhonemiser User dictionary '.\user-dictionaries\userdict-en_US.txt' for locale 'en_US' does not exist. Ignoring.
2020-10-17 21:24:20,874 [AWT-EventQueue-0] INFO  marytts.ModuleRegistry Now initiating mary module 'marytts.modules.JPhonemiser(en_GB.)'
2020-10-17 21:24:20,874 [AWT-EventQueue-0] INFO  marytts.JPhonemiser User dictionary '.\user-dictionaries\userdict-en_GB.txt' for locale 'en_GB' does not exist. Ignoring.
2020-10-17 21:24:20,983 [AWT-EventQueue-0] INFO  marytts.ModuleRegistry Now initiating mary module 'marytts.language.en.Prosody'
2020-10-17 21:24:20,985 [AWT-EventQueue-0] INFO  marytts.ModuleRegistry Now initiating mary module 'marytts.modules.SimplePhoneme2AP(en_US)'
2020-10-17 21:24:20,988 [AWT-EventQueue-0] INFO  marytts.ModuleRegistry Now initiating mary module 'marytts.language.en.PronunciationModel'
2020-10-17 21:24:21,003 [AWT-EventQueue-0] INFO  marytts.ModuleRegistry Now initiating mary module 'marytts.modules.OpenNLPPosTagger(en,en.pos)'
2020-10-17 21:24:21,027 [AWT-EventQueue-0] INFO  marytts.UnitSelectionSynthesizer started.
2020-10-17 21:24:21,031 [AWT-EventQueue-0] INFO  marytts.TargetFeatureLister Module started (ACOUSTPARAMS->TARGETFEATURES, locale null).
2020-10-17 21:24:21,031 [AWT-EventQueue-0] INFO  marytts.HTSEngine Module started (TARGETFEATURES->AUDIO, locale null).
2020-10-17 21:24:21,108 [AWT-EventQueue-0] INFO  marytts.HMMData Loading Tree Set in CARTs:
2020-10-17 21:24:21,345 [AWT-EventQueue-0] INFO  marytts.HMMData Loading GV Model Set:
2020-10-17 21:24:21,816 [AWT-EventQueue-0] INFO  marytts.Voice Registering voice `cmu-rms-hsmm': male, locale en_US
2020-10-17 21:24:21,816 [AWT-EventQueue-0] INFO  marytts.Voice New default voice for locale en_US: cmu-rms-hsmm (desire 0)
2020-10-17 21:24:21,854 [AWT-EventQueue-0] INFO  marytts.HMMData Loading Tree Set in CARTs:
2020-10-17 21:24:21,980 [AWT-EventQueue-0] INFO  marytts.HMMData Loading GV Model Set:
2020-10-17 21:24:22,181 [AWT-EventQueue-0] INFO  marytts.Voice Registering voice `dfki-poppy-hsmm': female, locale en_GB
2020-10-17 21:24:22,181 [AWT-EventQueue-0] INFO  marytts.Voice New default voice for locale en_GB: dfki-poppy-hsmm (desire 0)
2020-10-17 21:24:22,181 [AWT-EventQueue-0] INFO  marytts.HMMSynthesizer started.
2020-10-17 21:24:22,181 [AWT-EventQueue-0] INFO  marytts.Synthesis Module started (ACOUSTPARAMS->AUDIO, locale null).
2020-10-17 21:24:22,183 [AWT-EventQueue-0] INFO  marytts.HMMSynthesizer Starting power-on self test.
2020-10-17 21:24:22,207 [AWT-EventQueue-0] INFO  marytts.HMMSynthesizer Power-on self test complete.
2020-10-17 21:24:22,209 [AWT-EventQueue-0] INFO  marytts.TextToMaryXML Module started (TEXT->RAWMARYXML, locale null).
2020-10-17 21:24:22,209 [AWT-EventQueue-0] INFO  marytts.TextToMaryXML Starting power-on self test.
2020-10-17 21:24:22,265 [AWT-EventQueue-0] WARN  marytts.TextToMaryXML Locale is null, overriding with en_US
2020-10-17 21:24:22,266 [AWT-EventQueue-0] WARN  marytts.TextToMaryXML Locale is null, overriding with en_US
2020-10-17 21:24:22,266 [AWT-EventQueue-0] INFO  marytts.TextToMaryXML Power-on self test complete.
2020-10-17 21:24:23,548 [AWT-EventQueue-0] INFO  marytts.SableParser Module started (SABLE->RAWMARYXML, locale null).
2020-10-17 21:24:23,549 [AWT-EventQueue-0] INFO  marytts.SableParser Starting power-on self test.
2020-10-17 21:24:23,550 [AWT-EventQueue-0] INFO  marytts.SableParser Power-on self test complete.
2020-10-17 21:24:23,965 [AWT-EventQueue-0] INFO  marytts.SSMLParser Module started (SSML->RAWMARYXML, locale null).
2020-10-17 21:24:23,965 [AWT-EventQueue-0] INFO  marytts.SSMLParser Starting power-on self test.
2020-10-17 21:24:23,966 [AWT-EventQueue-0] INFO  marytts.SSMLParser Power-on self test complete.
2020-10-17 21:24:24,574 [AWT-EventQueue-0] INFO  marytts.APMLParser Module started (APML->RAWMARYXML, locale null).
2020-10-17 21:24:24,577 [AWT-EventQueue-0] INFO  marytts.APMLParser Starting power-on self test.
2020-10-17 21:24:24,578 [AWT-EventQueue-0] INFO  marytts.APMLParser Power-on self test complete.
2020-10-17 21:24:24,863 [AWT-EventQueue-0] INFO  marytts.EmotionmlParser Module started (EMOTIONML->RAWMARYXML, locale null).
2020-10-17 21:24:24,863 [AWT-EventQueue-0] INFO  marytts.EmotionmlParser Starting power-on self test.
2020-10-17 21:24:24,864 [AWT-EventQueue-0] INFO  marytts.EmotionmlParser Power-on self test complete.
2020-10-17 21:24:24,864 [AWT-EventQueue-0] INFO  marytts.JTokeniser Module started (RAWMARYXML->TOKENS, locale null).
2020-10-17 21:24:25,108 [AWT-EventQueue-0] INFO  marytts.JTokeniser Starting power-on self test.
2020-10-17 21:24:25,109 [AWT-EventQueue-0] INFO  marytts.JTokeniser Power-on self test complete.
2020-10-17 21:24:25,109 [AWT-EventQueue-0] INFO  marytts.DummyTokens2Words Module started (TOKENS->WORDS, locale null).
2020-10-17 21:24:25,109 [AWT-EventQueue-0] INFO  marytts.DummyTokens2Words Starting power-on self test.
2020-10-17 21:24:25,110 [AWT-EventQueue-0] INFO  marytts.DummyTokens2Words Power-on self test complete.
2020-10-17 21:24:25,130 [AWT-EventQueue-0] INFO  marytts.Prosody Module started (PHONEMES->INTONATION, locale null).
2020-10-17 21:24:25,130 [AWT-EventQueue-0] INFO  marytts.Prosody Starting power-on self test.
2020-10-17 21:24:25,131 [AWT-EventQueue-0] INFO  marytts.Prosody Power-on self test complete.
2020-10-17 21:24:25,131 [AWT-EventQueue-0] INFO  marytts.PronunciationModel Module started (INTONATION->ALLOPHONES, locale null).
2020-10-17 21:24:25,131 [AWT-EventQueue-0] INFO  marytts.PronunciationModel Starting power-on self test.
2020-10-17 21:24:25,132 [AWT-EventQueue-0] INFO  marytts.PronunciationModel Power-on self test complete.
2020-10-17 21:24:25,132 [AWT-EventQueue-0] INFO  marytts.TargetFeatureLister Starting power-on self test.
2020-10-17 21:24:25,133 [AWT-EventQueue-0] INFO  marytts.TargetFeatureLister Power-on self test complete.
2020-10-17 21:24:25,133 [AWT-EventQueue-0] INFO  marytts.TargetFeatureLister Module started (ACOUSTPARAMS->HALFPHONE_TARGETFEATURES, locale null).
2020-10-17 21:24:25,133 [AWT-EventQueue-0] INFO  marytts.TargetFeatureLister Starting power-on self test.
2020-10-17 21:24:25,134 [AWT-EventQueue-0] INFO  marytts.TargetFeatureLister Power-on self test complete.
2020-10-17 21:24:25,134 [AWT-EventQueue-0] INFO  marytts.AcousticModeller Module started (ALLOPHONES->ACOUSTPARAMS, locale null).
2020-10-17 21:24:25,134 [AWT-EventQueue-0] INFO  marytts.AcousticModeller Starting power-on self test.
2020-10-17 21:24:25,135 [AWT-EventQueue-0] INFO  marytts.AcousticModeller Power-on self test complete.
2020-10-17 21:24:25,135 [AWT-EventQueue-0] INFO  marytts.Realised acoustparams extractor Module started (AUDIO->REALISED_ACOUSTPARAMS, locale null).
2020-10-17 21:24:25,135 [AWT-EventQueue-0] INFO  marytts.Realised acoustparams extractor Starting power-on self test.
2020-10-17 21:24:25,136 [AWT-EventQueue-0] INFO  marytts.Realised acoustparams extractor Power-on self test complete.
2020-10-17 21:24:25,136 [AWT-EventQueue-0] INFO  marytts.Realised durations extractor Module started (AUDIO->REALISED_DURATIONS, locale null).
2020-10-17 21:24:25,136 [AWT-EventQueue-0] INFO  marytts.Realised durations extractor Starting power-on self test.
2020-10-17 21:24:25,137 [AWT-EventQueue-0] INFO  marytts.Realised durations extractor Power-on self test complete.
2020-10-17 21:24:25,137 [AWT-EventQueue-0] INFO  marytts.Praat TextGrid generator Module started (REALISED_ACOUSTPARAMS->PRAAT_TEXTGRID, locale null).
2020-10-17 21:24:25,137 [AWT-EventQueue-0] INFO  marytts.Praat TextGrid generator Starting power-on self test.
2020-10-17 21:24:25,138 [AWT-EventQueue-0] INFO  marytts.Praat TextGrid generator Power-on self test complete.
2020-10-17 21:24:25,138 [AWT-EventQueue-0] INFO  marytts.JTokeniser Module started (RAWMARYXML->TOKENS, locale en).
2020-10-17 21:24:25,233 [AWT-EventQueue-0] INFO  marytts.JTokeniser Starting power-on self test.
2020-10-17 21:24:25,234 [AWT-EventQueue-0] INFO  marytts.JTokeniser Power-on self test complete.
2020-10-17 21:24:25,234 [AWT-EventQueue-0] INFO  marytts.Preprocess Module started (TOKENS->WORDS, locale en).
2020-10-17 21:24:25,234 [AWT-EventQueue-0] INFO  marytts.Preprocess Starting power-on self test.
2020-10-17 21:24:25,235 [AWT-EventQueue-0] INFO  marytts.Preprocess Power-on self test complete.
2020-10-17 21:24:25,235 [AWT-EventQueue-0] INFO  marytts.JPhonemiser Module started (PARTSOFSPEECH->PHONEMES, locale en_US).
2020-10-17 21:24:25,269 [AWT-EventQueue-0] INFO  marytts.JPhonemiser Starting power-on self test.
2020-10-17 21:24:25,270 [AWT-EventQueue-0] INFO  marytts.JPhonemiser Power-on self test complete.
2020-10-17 21:24:25,270 [AWT-EventQueue-0] INFO  marytts.JPhonemiser Module started (PARTSOFSPEECH->PHONEMES, locale en_GB).
2020-10-17 21:24:25,272 [AWT-EventQueue-0] INFO  marytts.JPhonemiser Starting power-on self test.
2020-10-17 21:24:25,274 [AWT-EventQueue-0] INFO  marytts.JPhonemiser Power-on self test complete.
2020-10-17 21:24:25,321 [AWT-EventQueue-0] INFO  marytts.Prosody Module started (PHONEMES->INTONATION, locale en).
2020-10-17 21:24:25,321 [AWT-EventQueue-0] INFO  marytts.Prosody Starting power-on self test.
2020-10-17 21:24:25,322 [AWT-EventQueue-0] INFO  marytts.Prosody Power-on self test complete.
2020-10-17 21:24:25,324 [AWT-EventQueue-0] INFO  marytts.SimplePhoneme2AP Module started (SIMPLEPHONEMES->ACOUSTPARAMS, locale en_US).
2020-10-17 21:24:25,325 [AWT-EventQueue-0] INFO  marytts.SimplePhoneme2AP Starting power-on self test.
2020-10-17 21:24:25,330 [AWT-EventQueue-0] INFO  marytts.SimplePhoneme2AP Power-on self test complete.
2020-10-17 21:24:25,331 [AWT-EventQueue-0] INFO  marytts.PronunciationModel Module started (INTONATION->ALLOPHONES, locale en).
2020-10-17 21:24:25,331 [AWT-EventQueue-0] INFO  marytts.PronunciationModel Starting power-on self test.
2020-10-17 21:24:25,332 [AWT-EventQueue-0] INFO  marytts.PronunciationModel Power-on self test complete.
2020-10-17 21:24:25,332 [AWT-EventQueue-0] INFO  marytts.OpenNLPPosTagger Module started (WORDS->PARTSOFSPEECH, locale en).
2020-10-17 21:24:29,289 [AWT-EventQueue-0] INFO  marytts.OpenNLPPosTagger Starting power-on self test.
2020-10-17 21:24:29,289 [AWT-EventQueue-0] INFO  marytts.OpenNLPPosTagger Power-on self test complete.
2020-10-17 21:24:29,291 [AWT-EventQueue-0] INFO  marytts.main Startup complete.
2020-10-17 21:24:29,366 [AWT-EventQueue-0] INFO  marytts.R 1 New request (input type "TEXT", output type "AUDIO", voice "cmu-rms-hsmm", audio "WAVE")
2020-10-17 21:24:29,388 [AWT-EventQueue-0] INFO  marytts.R 1 Handling request using the following modules:
2020-10-17 21:24:29,388 [AWT-EventQueue-0] INFO  marytts.R 1 - TextToMaryXML (marytts.modules.TextToMaryXML)
2020-10-17 21:24:29,388 [AWT-EventQueue-0] INFO  marytts.R 1 Next module: TextToMaryXML
2020-10-17 21:24:29,396 [AWT-EventQueue-0] INFO  marytts.R 1 Handling request using the following modules:
2020-10-17 21:24:29,397 [AWT-EventQueue-0] INFO  marytts.R 1 - JTokeniser (marytts.language.en.JTokeniser)
2020-10-17 21:24:29,397 [AWT-EventQueue-0] INFO  marytts.R 1 - Preprocess (marytts.language.en.Preprocess)
2020-10-17 21:24:29,397 [AWT-EventQueue-0] INFO  marytts.R 1 - OpenNLPPosTagger (marytts.modules.OpenNLPPosTagger)
2020-10-17 21:24:29,397 [AWT-EventQueue-0] INFO  marytts.R 1 - JPhonemiser (marytts.modules.JPhonemiser)
2020-10-17 21:24:29,397 [AWT-EventQueue-0] INFO  marytts.R 1 - Prosody (marytts.language.en.Prosody)
2020-10-17 21:24:29,397 [AWT-EventQueue-0] INFO  marytts.R 1 - PronunciationModel (marytts.language.en.PronunciationModel)
2020-10-17 21:24:29,398 [AWT-EventQueue-0] INFO  marytts.R 1 - AcousticModeller (marytts.modules.AcousticModeller)
2020-10-17 21:24:29,398 [AWT-EventQueue-0] INFO  marytts.R 1 - Synthesis (marytts.modules.Synthesis)
2020-10-17 21:24:29,398 [AWT-EventQueue-0] INFO  marytts.R 1 Next module: JTokeniser
2020-10-17 21:24:29,408 [AWT-EventQueue-0] INFO  marytts.R 1 Next module: Preprocess
2020-10-17 21:24:29,446 [AWT-EventQueue-0] INFO  marytts.R 1 Next module: OpenNLPPosTagger
2020-10-17 21:24:29,474 [AWT-EventQueue-0] INFO  marytts.R 1 Next module: JPhonemiser
2020-10-17 21:24:29,523 [AWT-EventQueue-0] INFO  marytts.R 1 Next module: Prosody
2020-10-17 21:24:29,563 [AWT-EventQueue-0] INFO  marytts.R 1 Next module: PronunciationModel
2020-10-17 21:24:29,569 [AWT-EventQueue-0] INFO  marytts.R 1 Next module: AcousticModeller
2020-10-17 21:24:29,838 [AWT-EventQueue-0] INFO  marytts.ParameterGeneration Parameter generation for LF0: 
2020-10-17 21:24:29,839 [AWT-EventQueue-0] INFO  marytts.PStream Global variance optimization
2020-10-17 21:24:29,965 [AWT-EventQueue-0] INFO  marytts.PStream Gradient GV optimization for feature: (0)  number of iterations=91
2020-10-17 21:24:29,980 [AWT-EventQueue-0] INFO  marytts.R 1 Next module: Synthesis
2020-10-17 21:24:30,082 [AWT-EventQueue-0] INFO  marytts.HMMSynthesizer Synthesizing one sentence.
2020-10-17 21:24:30,085 [AWT-EventQueue-0] INFO  marytts.HTSEngine Using prosody from acoustparams.
2020-10-17 21:24:30,105 [AWT-EventQueue-0] INFO  marytts.HTSEngine Number of models in sentence numModel=78  Total number of states numState=390
2020-10-17 21:24:30,105 [AWT-EventQueue-0] INFO  marytts.HTSEngine Total number of frames=1485  Number of voiced frames=945
2020-10-17 21:24:30,124 [AWT-EventQueue-0] INFO  marytts.ParameterGeneration Parameter generation for MGC: 
2020-10-17 21:24:30,124 [AWT-EventQueue-0] INFO  marytts.PStream Global variance optimization
2020-10-17 21:24:30,194 [AWT-EventQueue-0] INFO  marytts.PStream Gradient GV optimization for feature: (0)  number of iterations=57
2020-10-17 21:24:30,200 [AWT-EventQueue-0] INFO  marytts.PStream Gradient GV optimization for feature: (1)  number of iterations=1
2020-10-17 21:24:30,216 [AWT-EventQueue-0] INFO  marytts.PStream Gradient GV optimization for feature: (2)  number of iterations=19
2020-10-17 21:24:30,223 [AWT-EventQueue-0] INFO  marytts.PStream Gradient GV optimization for feature: (3)  number of iterations=5
2020-10-17 21:24:30,229 [AWT-EventQueue-0] INFO  marytts.PStream Gradient GV optimization for feature: (4)  number of iterations=4
2020-10-17 21:24:30,241 [AWT-EventQueue-0] INFO  marytts.PStream Gradient GV optimization for feature: (5)  number of iterations=19
2020-10-17 21:24:30,253 [AWT-EventQueue-0] INFO  marytts.PStream Gradient GV optimization for feature: (6)  number of iterations=15
2020-10-17 21:24:30,270 [AWT-EventQueue-0] INFO  marytts.PStream Gradient GV optimization for feature: (7)  number of iterations=17
2020-10-17 21:24:30,290 [AWT-EventQueue-0] INFO  marytts.PStream Gradient GV optimization for feature: (8)  number of iterations=24
2020-10-17 21:24:30,304 [AWT-EventQueue-0] INFO  marytts.PStream Gradient GV optimization for feature: (9)  number of iterations=13
2020-10-17 21:24:30,323 [AWT-EventQueue-0] INFO  marytts.PStream Gradient GV optimization for feature: (10)  number of iterations=19
2020-10-17 21:24:30,337 [AWT-EventQueue-0] INFO  marytts.PStream Gradient GV optimization for feature: (11)  number of iterations=14
2020-10-17 21:24:30,353 [AWT-EventQueue-0] INFO  marytts.PStream Gradient GV optimization for feature: (12)  number of iterations=14
2020-10-17 21:24:30,364 [AWT-EventQueue-0] INFO  marytts.PStream Gradient GV optimization for feature: (13)  number of iterations=8
2020-10-17 21:24:30,385 [AWT-EventQueue-0] INFO  marytts.PStream Gradient GV optimization for feature: (14)  number of iterations=23
2020-10-17 21:24:30,400 [AWT-EventQueue-0] INFO  marytts.PStream Gradient GV optimization for feature: (15)  number of iterations=17
2020-10-17 21:24:30,415 [AWT-EventQueue-0] INFO  marytts.PStream Gradient GV optimization for feature: (16)  number of iterations=15
2020-10-17 21:24:30,422 [AWT-EventQueue-0] INFO  marytts.PStream Gradient GV optimization for feature: (17)  number of iterations=5
2020-10-17 21:24:30,430 [AWT-EventQueue-0] INFO  marytts.PStream Gradient GV optimization for feature: (18)  number of iterations=5
2020-10-17 21:24:30,443 [AWT-EventQueue-0] INFO  marytts.PStream Gradient GV optimization for feature: (19)  number of iterations=9
2020-10-17 21:24:30,475 [AWT-EventQueue-0] INFO  marytts.PStream Gradient GV optimization for feature: (20)  number of iterations=26
2020-10-17 21:24:30,489 [AWT-EventQueue-0] INFO  marytts.PStream Gradient GV optimization for feature: (21)  number of iterations=6
2020-10-17 21:24:30,506 [AWT-EventQueue-0] INFO  marytts.PStream Gradient GV optimization for feature: (22)  number of iterations=20
2020-10-17 21:24:30,515 [AWT-EventQueue-0] INFO  marytts.PStream Gradient GV optimization for feature: (23)  number of iterations=12
2020-10-17 21:24:30,523 [AWT-EventQueue-0] INFO  marytts.PStream Gradient GV optimization for feature: (24)  number of iterations=14
2020-10-17 21:24:30,523 [AWT-EventQueue-0] INFO  marytts.ParameterGeneration Using f0 from maryXML acoustparams
2020-10-17 21:24:30,544 [AWT-EventQueue-0] INFO  marytts.PStream Global variance optimization
2020-10-17 21:24:30,560 [AWT-EventQueue-0] INFO  marytts.PStream Gradient GV optimization for feature: (0)  number of iterations=38
2020-10-17 21:24:30,563 [AWT-EventQueue-0] INFO  marytts.PStream Gradient GV optimization for feature: (1)  number of iterations=6
2020-10-17 21:24:30,567 [AWT-EventQueue-0] INFO  marytts.PStream Gradient GV optimization for feature: (2)  number of iterations=4
2020-10-17 21:24:30,571 [AWT-EventQueue-0] INFO  marytts.PStream Gradient GV optimization for feature: (3)  number of iterations=4
2020-10-17 21:24:30,575 [AWT-EventQueue-0] INFO  marytts.PStream Gradient GV optimization for feature: (4)  number of iterations=25
2020-10-17 21:24:30,613 [AWT-EventQueue-0] INFO  marytts.R 1 Request processed in 1226 ms.
2020-10-17 21:24:30,613 [AWT-EventQueue-0] INFO  marytts.R 1    TextToMaryXML took 1 ms
2020-10-17 21:24:30,613 [AWT-EventQueue-0] INFO  marytts.R 1    JTokeniser took 10 ms
2020-10-17 21:24:30,614 [AWT-EventQueue-0] INFO  marytts.R 1    Preprocess took 38 ms
2020-10-17 21:24:30,614 [AWT-EventQueue-0] INFO  marytts.R 1    OpenNLPPosTagger took 28 ms
2020-10-17 21:24:30,614 [AWT-EventQueue-0] INFO  marytts.R 1    JPhonemiser took 49 ms
2020-10-17 21:24:30,614 [AWT-EventQueue-0] INFO  marytts.R 1    Prosody took 40 ms
2020-10-17 21:24:30,614 [AWT-EventQueue-0] INFO  marytts.R 1    PronunciationModel took 6 ms
2020-10-17 21:24:30,614 [AWT-EventQueue-0] INFO  marytts.R 1    AcousticModeller took 411 ms
2020-10-17 21:24:30,614 [AWT-EventQueue-0] INFO  marytts.R 1    Synthesis took 633 ms
2020-10-17 21:25:15,864 [Thread-3] INFO  marytts.main Shutting down modules...
2020-10-17 21:25:15,866 [Thread-3] INFO  marytts.Synthesis Module shut down.
2020-10-17 21:25:15,867 [Thread-3] INFO  marytts.TextToMaryXML Module shut down.
2020-10-17 21:25:15,867 [Thread-3] INFO  marytts.SableParser Module shut down.
2020-10-17 21:25:15,868 [Thread-3] INFO  marytts.SSMLParser Module shut down.
2020-10-17 21:25:15,868 [Thread-3] INFO  marytts.APMLParser Module shut down.
2020-10-17 21:25:15,869 [Thread-3] INFO  marytts.EmotionmlParser Module shut down.
2020-10-17 21:25:15,870 [Thread-3] INFO  marytts.JTokeniser Module shut down.
2020-10-17 21:25:15,871 [Thread-3] INFO  marytts.DummyTokens2Words Module shut down.
2020-10-17 21:25:15,872 [Thread-3] INFO  marytts.Prosody Module shut down.
2020-10-17 21:25:15,873 [Thread-3] INFO  marytts.PronunciationModel Module shut down.
2020-10-17 21:25:15,874 [Thread-3] INFO  marytts.TargetFeatureLister Module shut down.
2020-10-17 21:25:15,874 [Thread-3] INFO  marytts.TargetFeatureLister Module shut down.
2020-10-17 21:25:15,875 [Thread-3] INFO  marytts.AcousticModeller Module shut down.
2020-10-17 21:25:15,878 [Thread-3] INFO  marytts.Realised acoustparams extractor Module shut down.
2020-10-17 21:25:15,904 [Thread-3] INFO  marytts.Realised durations extractor Module shut down.
2020-10-17 21:25:15,910 [Thread-3] INFO  marytts.HTSEngine Module shut down.
2020-10-17 21:25:15,921 [Thread-3] INFO  marytts.Praat TextGrid generator Module shut down.
2020-10-17 21:25:15,924 [Thread-3] INFO  marytts.JTokeniser Module shut down.
2020-10-17 21:25:15,924 [Thread-3] INFO  marytts.Preprocess Module shut down.
2020-10-17 21:25:15,934 [Thread-3] INFO  marytts.JPhonemiser Module shut down.
2020-10-17 21:25:15,937 [Thread-3] INFO  marytts.JPhonemiser Module shut down.
2020-10-17 21:25:15,937 [Thread-3] INFO  marytts.Prosody Module shut down.
2020-10-17 21:25:15,937 [Thread-3] INFO  marytts.SimplePhoneme2AP Module shut down.
2020-10-17 21:25:15,939 [Thread-3] INFO  marytts.PronunciationModel Module shut down.
2020-10-17 21:25:15,940 [Thread-3] INFO  marytts.OpenNLPPosTagger Module shut down.
2020-10-17 21:25:15,945 [Thread-3] INFO  marytts.main Shutdown complete.
